  Source.cpp
C:\Users\hasan\source\repos\BattleShips Game\BattleShips Game\Source.cpp(13,15): warning C4309: 'initializing': truncation of constant value
C:\Users\hasan\source\repos\BattleShips Game\BattleShips Game\Source.cpp(13,27): warning C4309: 'initializing': truncation of constant value
C:\Users\hasan\source\repos\BattleShips Game\BattleShips Game\Source.cpp(16,10): warning C4067: unexpected tokens following preprocessor directive - expected a newline
C:\Users\hasan\source\repos\BattleShips Game\BattleShips Game\Source.cpp(17,10): warning C4067: unexpected tokens following preprocessor directive - expected a newline
C:\Users\hasan\source\repos\BattleShips Game\BattleShips Game\Functions.h(44,82): warning C4309: '=': truncation of constant value
C:\Users\hasan\source\repos\BattleShips Game\BattleShips Game\Functions.h(45,50): warning C4309: '=': truncation of constant value
C:\Users\hasan\source\repos\BattleShips Game\BattleShips Game\Functions.h(46,59): warning C4309: '=': truncation of constant value
C:\Users\hasan\source\repos\BattleShips Game\BattleShips Game\Functions.h(47,111): warning C4309: '=': truncation of constant value
C:\Users\hasan\source\repos\BattleShips Game\BattleShips Game\Functions.h(48,65): warning C4309: '=': truncation of constant value
C:\Users\hasan\source\repos\BattleShips Game\BattleShips Game\Functions.h(49,56): warning C4309: '=': truncation of constant value
C:\Users\hasan\source\repos\BattleShips Game\BattleShips Game\Functions.h(58,79): warning C4309: '=': truncation of constant value
C:\Users\hasan\source\repos\BattleShips Game\BattleShips Game\Functions.h(59,47): warning C4309: '=': truncation of constant value
C:\Users\hasan\source\repos\BattleShips Game\BattleShips Game\Functions.h(60,56): warning C4309: '=': truncation of constant value
C:\Users\hasan\source\repos\BattleShips Game\BattleShips Game\Functions.h(61,108): warning C4309: '=': truncation of constant value
C:\Users\hasan\source\repos\BattleShips Game\BattleShips Game\Functions.h(62,62): warning C4309: '=': truncation of constant value
C:\Users\hasan\source\repos\BattleShips Game\BattleShips Game\Functions.h(63,53): warning C4309: '=': truncation of constant value
C:\Users\hasan\source\repos\BattleShips Game\BattleShips Game\Functions.h(72,82): warning C4309: '=': truncation of constant value
C:\Users\hasan\source\repos\BattleShips Game\BattleShips Game\Functions.h(73,50): warning C4309: '=': truncation of constant value
C:\Users\hasan\source\repos\BattleShips Game\BattleShips Game\Functions.h(74,59): warning C4309: '=': truncation of constant value
C:\Users\hasan\source\repos\BattleShips Game\BattleShips Game\Functions.h(75,111): warning C4309: '=': truncation of constant value
C:\Users\hasan\source\repos\BattleShips Game\BattleShips Game\Functions.h(76,65): warning C4309: '=': truncation of constant value
C:\Users\hasan\source\repos\BattleShips Game\BattleShips Game\Functions.h(77,56): warning C4309: '=': truncation of constant value
C:\Users\hasan\source\repos\BattleShips Game\BattleShips Game\Functions.h(100,13): warning C4305: 'argument': truncation from 'double' to 'float'
C:\Users\hasan\source\repos\BattleShips Game\BattleShips Game\Functions.h(105,13): warning C4305: 'argument': truncation from 'double' to 'float'
C:\Users\hasan\source\repos\BattleShips Game\BattleShips Game\Functions.h(534,14): warning C4305: 'argument': truncation from 'double' to 'float'
C:\Users\hasan\source\repos\BattleShips Game\BattleShips Game\Source.cpp(18,10): warning C4067: unexpected tokens following preprocessor directive - expected a newline
C:\Users\hasan\source\repos\BattleShips Game\BattleShips Game\Settings.h(76,15): warning C4553: '==': result of expression not used; did you intend '='?
C:\Users\hasan\source\repos\BattleShips Game\BattleShips Game\Settings.h(80,15): warning C4553: '==': result of expression not used; did you intend '='?
C:\Users\hasan\source\repos\BattleShips Game\BattleShips Game\Source.cpp(19,10): warning C4067: unexpected tokens following preprocessor directive - expected a newline
C:\Users\hasan\source\repos\BattleShips Game\BattleShips Game\Source.cpp(20,10): warning C4067: unexpected tokens following preprocessor directive - expected a newline
C:\Users\hasan\source\repos\BattleShips Game\BattleShips Game\Animations.h(58,19): warning C4305: 'argument': truncation from 'double' to 'float'
C:\Users\hasan\source\repos\BattleShips Game\BattleShips Game\Animations.h(65,19): warning C4305: 'argument': truncation from 'double' to 'float'
C:\Users\hasan\source\repos\BattleShips Game\BattleShips Game\Animations.h(72,19): warning C4305: 'argument': truncation from 'double' to 'float'
C:\Users\hasan\source\repos\BattleShips Game\BattleShips Game\Animations.h(115,19): warning C4305: 'argument': truncation from 'double' to 'float'
C:\Users\hasan\source\repos\BattleShips Game\BattleShips Game\Source.cpp(35,12): warning C4244: 'argument': conversion from 'time_t' to 'unsigned int', possible loss of data
Source.obj : error LNK2019: unresolved external symbol __imp_PlaySoundW referenced in function "void __cdecl playMusic(void)" (?playMusic@@YAXXZ)
C:\Users\hasan\source\repos\BattleShips Game\x64\Debug\BattleShips Game.exe : fatal error LNK1120: 1 unresolved externals
